#
# There is insufficient memory for the Java Runtime Environment to continue.
# Native memory allocation (malloc) failed to allocate 525552 bytes for Chunk::new
# Possible reasons:
#   The system is out of physical RAM or swap space
#   The process is running with CompressedOops enabled, and the Java Heap may be blocking the growth of the native heap
# Possible solutions:
#   Reduce memory load on the system
#   Increase physical memory or swap space
#   Check if swap backing store is full
#   Decrease Java heap size (-Xmx/-Xms)
#   Decrease number of Java threads
#   Decrease Java thread stack sizes (-Xss)
#   Set larger code cache with -XX:ReservedCodeCacheSize=
#   JVM is running with Unscaled Compressed Oops mode in which the Java heap is
#     placed in the first 4GB address space. The Java Heap base address is the
#     maximum limit for the native heap growth. Please use -XX:HeapBaseMinAddress
#     to set the Java Heap base and to place the Java Heap above 4GB virtual address.
# This output file may be truncated or incomplete.
#
#  Out of Memory Error (arena.cpp:189), pid=8832, tid=4416
#
# JRE version: OpenJDK Runtime Environment (17.0.1+12) (build 17.0.1+12-39)
# Java VM: OpenJDK 64-Bit Server VM (17.0.1+12-39, mixed mode, sharing, tiered, compressed oops, compressed class ptrs, g1 gc, windows-amd64)
# No core dump will be written. Minidumps are not enabled by default on client versions of Windows
#

---------------  S U M M A R Y ------------

Command Line: -ea -Didea.test.cyclic.buffer.size=1048576 -javaagent:C:\Program Files\JetBrains\IntelliJ IDEA Community Edition 2021.2.3\lib\idea_rt.jar=8293:C:\Program Files\JetBrains\IntelliJ IDEA Community Edition 2021.2.3\bin -Dfile.encoding=UTF-8 com.intellij.rt.junit.JUnitStarter -ideVersion5 -junit4 Tests.LoginTest,Login

Host: Intel(R) Core(TM) i5-3230M CPU @ 2.60GHz, 4 cores, 7G,  Windows 7 , 64 bit Build 7601 (6.1.7601.24545)
Time: Sat Jan 15 12:28:26 2022 GTB Standard Time elapsed time: 1.637229 seconds (0d 0h 0m 1s)

---------------  T H R E A D  ---------------

Current thread (0x00000000239634e0):  JavaThread "C2 CompilerThread1" daemon [_thread_in_native, id=4416, stack(0x00000000256b0000,0x00000000257b0000)]


Current CompileTask:
C2:   1637 1009       4       java.util.HashSet::add (20 bytes)

Stack: [0x00000000256b0000,0x00000000257b0000]
Native frames: (J=compiled Java code, j=interpreted, Vv=VM code, C=native code)
V  [jvm.dll+0x66fa1a]
V  [jvm.dll+0x7ce5a4]
V  [jvm.dll+0x7cfd4e]
V  [jvm.dll+0x7d03b3]
V  [jvm.dll+0x242b05]
V  [jvm.dll+0xaa05b]
V  [jvm.dll+0xaa5ec]
V  [jvm.dll+0x35fa07]
V  [jvm.dll+0x329f51]
V  [jvm.dll+0x3293fa]
V  [jvm.dll+0x215bf1]
V  [jvm.dll+0x215011]
V  [jvm.dll+0x1a168d]
V  [jvm.dll+0x224848]
V  [jvm.dll+0x2229ac]
V  [jvm.dll+0x78435b]
V  [jvm.dll+0x77e91a]
V  [jvm.dll+0x66e845]
C  [ucrtbase.DLL+0x1d912]
C  [kernel32.dll+0x1556d]
C  [ntdll.dll+0x5372d]


---------------  P R O C E S S  ---------------

Threads class SMR info:
_java_thread_list=0x0000000023963460, length=16, elements={
0x000000000015dbe0, 0x000000001e139d90, 0x000000001e13c910, 0x0000000020e033a0,
0x0000000020e041c0, 0x0000000020e094a0, 0x0000000020e09d60, 0x0000000020e11270,
0x0000000020e14460, 0x0000000020e3d4f0, 0x00000000226c5050, 0x0000000022765370,
0x00000000227d38e0, 0x00000000238187a0, 0x0000000023880090, 0x00000000239634e0
}

Java Threads: ( => current thread )
  0x000000000015dbe0 JavaThread "main" [_thread_in_vm, id=3280, stack(0x0000000002140000,0x0000000002240000)]
  0x000000001e139d90 JavaThread "Reference Handler" daemon [_thread_blocked, id=8940, stack(0x0000000020ac0000,0x0000000020bc0000)]
  0x000000001e13c910 JavaThread "Finalizer" daemon [_thread_blocked, id=1240, stack(0x00000000219e0000,0x0000000021ae0000)]
  0x0000000020e033a0 JavaThread "Signal Dispatcher" daemon [_thread_blocked, id=7716, stack(0x0000000021c90000,0x0000000021d90000)]
  0x0000000020e041c0 JavaThread "Attach Listener" daemon [_thread_blocked, id=9136, stack(0x0000000021db0000,0x0000000021eb0000)]
  0x0000000020e094a0 JavaThread "Service Thread" daemon [_thread_blocked, id=9112, stack(0x0000000021fc0000,0x00000000220c0000)]
  0x0000000020e09d60 JavaThread "Monitor Deflation Thread" daemon [_thread_blocked, id=8924, stack(0x0000000022150000,0x0000000022250000)]
  0x0000000020e11270 JavaThread "C2 CompilerThread0" daemon [_thread_blocked, id=8904, stack(0x0000000022300000,0x0000000022400000)]
  0x0000000020e14460 JavaThread "C1 CompilerThread0" daemon [_thread_blocked, id=8536, stack(0x0000000022480000,0x0000000022580000)]
  0x0000000020e3d4f0 JavaThread "Sweeper thread" daemon [_thread_blocked, id=7540, stack(0x00000000225a0000,0x00000000226a0000)]
  0x00000000226c5050 JavaThread "Common-Cleaner" daemon [_thread_blocked, id=8408, stack(0x0000000022b10000,0x0000000022c10000)]
  0x0000000022765370 JavaThread "Monitor Ctrl-Break" daemon [_thread_in_native, id=908, stack(0x0000000022c10000,0x0000000022d10000)]
  0x00000000227d38e0 JavaThread "Notification Thread" daemon [_thread_blocked, id=8864, stack(0x0000000021b80000,0x0000000021c80000)]
  0x00000000238187a0 JavaThread "ForkJoinPool.commonPool-worker-1" daemon [_thread_blocked, id=6824, stack(0x0000000024eb0000,0x0000000024fb0000)]
  0x0000000023880090 JavaThread "AsyncHttpClient-1-1" daemon [_thread_blocked, id=4396, stack(0x0000000025190000,0x0000000025290000)]
=>0x00000000239634e0 JavaThread "C2 CompilerThread1" daemon [_thread_in_native, id=4416, stack(0x00000000256b0000,0x00000000257b0000)]

Other Threads:
  0x000000001e1355d0 VMThread "VM Thread" [stack: 0x00000000218a0000,0x00000000219a0000] [id=8068]
  0x0000000022802e40 WatcherThread [stack: 0x0000000022ff0000,0x00000000230f0000] [id=2488]
  0x000000000019f920 GCTaskThread "GC Thread#0" [stack: 0x000000001e170000,0x000000001e270000] [id=5536]
  0x000000002336bb30 GCTaskThread "GC Thread#1" [stack: 0x0000000025050000,0x0000000025150000] [id=8912]
  0x00000000235c2720 GCTaskThread "GC Thread#2" [stack: 0x0000000025300000,0x0000000025400000] [id=7180]
  0x00000000237862c0 GCTaskThread "GC Thread#3" [stack: 0x0000000025400000,0x0000000025500000] [id=8852]
  0x000000001e043f90 ConcurrentGCThread "G1 Main Marker" [stack: 0x000000001e300000,0x000000001e400000] [id=6744]
  0x000000001e0448b0 ConcurrentGCThread "G1 Conc#0" [stack: 0x000000001e510000,0x000000001e610000] [id=8772]
  0x000000001e0c6df0 ConcurrentGCThread "G1 Refine#0" [stack: 0x0000000020980000,0x0000000020a80000] [id=8260]
  0x000000001e0c7720 ConcurrentGCThread "G1 Service" [stack: 0x0000000020c20000,0x0000000020d20000] [id=8340]

Threads with active compile tasks:
C2 CompilerThread1     1701 1009       4       java.util.HashSet::add (20 bytes)

VM state: not at safepoint (normal execution)

VM Mutex/Monitor currently owned by a thread:  ([mutex/lock_event])
[0x0000000000137290] Metaspace_lock - owner thread: 0x000000000015dbe0

Heap address: 0x0000000082000000, size: 2016 MB, Compressed Oops mode: 32-bit

CDS archive(s) mapped at: [0x0000000800000000-0x0000000800bc0000-0x0000000800bc0000), size 12320768, SharedBaseAddress: 0x0000000800000000, ArchiveRelocationMode: 0.
Compressed class space mapped at: 0x0000000800c00000-0x0000000840c00000, reserved size: 1073741824
Narrow klass base: 0x0000000800000000, Narrow klass shift: 0, Narrow klass range: 0x100000000

GC Precious Log:
 CPUs: 4 total, 4 available
 Memory: 8060M
 Large Page Support: Disabled
 NUMA Support: Disabled
 Compressed Oops: Enabled (32-bit)
 Heap Region Size: 1M
 Heap Min Capacity: 8M
 Heap Initial Capacity: 126M
 Heap Max Capacity: 2016M
 Pre-touch: Disabled
 Parallel Workers: 4
 Concurrent Workers: 1
 Concurrent Refinement Workers: 4
 Periodic GC: Disabled

Heap:
 garbage-first heap   total 129024K, used 12722K [0x0000000082000000, 0x0000000100000000)
  region size 1024K, 12 young (12288K), 2 survivors (2048K)
 Metaspace       used 7777K, committed 7936K, reserved 1056768K
  class space    used 916K, committed 1024K, reserved 1048576K

Heap Regions: E=young(eden), S=young(survivor), O=old, HS=humongous(starts), HC=humongous(continues), CS=collection set, F=free, OA=open archive, CA=closed archive, TAMS=top-at-mark-start (previous, next)
|   0|0x0000000082000000, 0x0000000082100000, 0x0000000082100000|100%| O|  |TAMS 0x0000000082000000, 0x0000000082000000| Untracked 
|   1|0x0000000082100000, 0x000000008216ca00, 0x0000000082200000| 42%| O|  |TAMS 0x0000000082100000, 0x0000000082100000| Untracked 
|   2|0x0000000082200000, 0x0000000082200000, 0x0000000082300000|  0%| F|  |TAMS 0x0000000082200000, 0x0000000082200000| Untracked 
|   3|0x0000000082300000, 0x0000000082300000, 0x0000000082400000|  0%| F|  |TAMS 0x0000000082300000, 0x0000000082300000| Untracked 
|   4|0x0000000082400000, 0x0000000082400000, 0x0000000082500000|  0%| F|  |TAMS 0x0000000082400000, 0x0000000082400000| Untracked 
|   5|0x0000000082500000, 0x0000000082500000, 0x0000000082600000|  0%| F|  |TAMS 0x0000000082500000, 0x0000000082500000| Untracked 
|   6|0x0000000082600000, 0x0000000082600000, 0x0000000082700000|  0%| F|  |TAMS 0x0000000082600000, 0x0000000082600000| Untracked 
|   7|0x0000000082700000, 0x0000000082700000, 0x0000000082800000|  0%| F|  |TAMS 0x0000000082700000, 0x0000000082700000| Untracked 
|   8|0x0000000082800000, 0x0000000082800000, 0x0000000082900000|  0%| F|  |TAMS 0x0000000082800000, 0x0000000082800000| Untracked 
|   9|0x0000000082900000, 0x0000000082900000, 0x0000000082a00000|  0%| F|  |TAMS 0x0000000082900000, 0x0000000082900000| Untracked 
|  10|0x0000000082a00000, 0x0000000082a00000, 0x0000000082b00000|  0%| F|  |TAMS 0x0000000082a00000, 0x0000000082a00000| Untracked 
|  11|0x0000000082b00000, 0x0000000082b00000, 0x0000000082c00000|  0%| F|  |TAMS 0x0000000082b00000, 0x0000000082b00000| Untracked 
|  12|0x0000000082c00000, 0x0000000082c00000, 0x0000000082d00000|  0%| F|  |TAMS 0x0000000082c00000, 0x0000000082c00000| Untracked 
|  13|0x0000000082d00000, 0x0000000082d00000, 0x0000000082e00000|  0%| F|  |TAMS 0x0000000082d00000, 0x0000000082d00000| Untracked 
|  14|0x0000000082e00000, 0x0000000082e00000, 0x0000000082f00000|  0%| F|  |TAMS 0x0000000082e00000, 0x0000000082e00000| Untracked 
|  15|0x0000000082f00000, 0x0000000082f00000, 0x0000000083000000|  0%| F|  |TAMS 0x0000000082f00000, 0x0000000082f00000| Untracked 
|  16|0x0000000083000000, 0x0000000083000000, 0x0000000083100000|  0%| F|  |TAMS 0x0000000083000000, 0x0000000083000000| Untracked 
|  17|0x0000000083100000, 0x0000000083100000, 0x0000000083200000|  0%| F|  |TAMS 0x0000000083100000, 0x0000000083100000| Untracked 
|  18|0x0000000083200000, 0x0000000083200000, 0x0000000083300000|  0%| F|  |TAMS 0x0000000083200000, 0x0000000083200000| Untracked 
|  19|0x0000000083300000, 0x0000000083300000, 0x0000000083400000|  0%| F|  |TAMS 0x0000000083300000, 0x0000000083300000| Untracked 
|  20|0x0000000083400000, 0x0000000083400000, 0x0000000083500000|  0%| F|  |TAMS 0x0000000083400000, 0x0000000083400000| Untracked 
|  21|0x0000000083500000, 0x0000000083500000, 0x0000000083600000|  0%| F|  |TAMS 0x0000000083500000, 0x0000000083500000| Untracked 
|  22|0x0000000083600000, 0x0000000083600000, 0x0000000083700000|  0%| F|  |TAMS 0x0000000083600000, 0x0000000083600000| Untracked 
|  23|0x0000000083700000, 0x0000000083700000, 0x0000000083800000|  0%| F|  |TAMS 0x0000000083700000, 0x0000000083700000| Untracked 
|  24|0x0000000083800000, 0x0000000083800000, 0x0000000083900000|  0%| F|  |TAMS 0x0000000083800000, 0x0000000083800000| Untracked 
|  25|0x0000000083900000, 0x0000000083900000, 0x0000000083a00000|  0%| F|  |TAMS 0x0000000083900000, 0x0000000083900000| Untracked 
|  26|0x0000000083a00000, 0x0000000083a00000, 0x0000000083b00000|  0%| F|  |TAMS 0x0000000083a00000, 0x0000000083a00000| Untracked 
|  27|0x0000000083b00000, 0x0000000083b00000, 0x0000000083c00000|  0%| F|  |TAMS 0x0000000083b00000, 0x0000000083b00000| Untracked 
|  28|0x0000000083c00000, 0x0000000083c00000, 0x0000000083d00000|  0%| F|  |TAMS 0x0000000083c00000, 0x0000000083c00000| Untracked 
|  29|0x0000000083d00000, 0x0000000083d00000, 0x0000000083e00000|  0%| F|  |TAMS 0x0000000083d00000, 0x0000000083d00000| Untracked 
|  30|0x0000000083e00000, 0x0000000083e00000, 0x0000000083f00000|  0%| F|  |TAMS 0x0000000083e00000, 0x0000000083e00000| Untracked 
|  31|0x0000000083f00000, 0x0000000083f00000, 0x0000000084000000|  0%| F|  |TAMS 0x0000000083f00000, 0x0000000083f00000| Untracked 
|  32|0x0000000084000000, 0x0000000084000000, 0x0000000084100000|  0%| F|  |TAMS 0x0000000084000000, 0x0000000084000000| Untracked 
|  33|0x0000000084100000, 0x0000000084100000, 0x0000000084200000|  0%| F|  |TAMS 0x0000000084100000, 0x0000000084100000| Untracked 
|  34|0x0000000084200000, 0x0000000084200000, 0x0000000084300000|  0%| F|  |TAMS 0x0000000084200000, 0x0000000084200000| Untracked 
|  35|0x0000000084300000, 0x0000000084300000, 0x0000000084400000|  0%| F|  |TAMS 0x0000000084300000, 0x0000000084300000| Untracked 
|  36|0x0000000084400000, 0x0000000084400000, 0x0000000084500000|  0%| F|  |TAMS 0x0000000084400000, 0x0000000084400000| Untracked 
|  37|0x0000000084500000, 0x0000000084500000, 0x0000000084600000|  0%| F|  |TAMS 0x0000000084500000, 0x0000000084500000| Untracked 
|  38|0x0000000084600000, 0x0000000084600000, 0x0000000084700000|  0%| F|  |TAMS 0x0000000084600000, 0x0000000084600000| Untracked 
|  39|0x0000000084700000, 0x0000000084700000, 0x0000000084800000|  0%| F|  |TAMS 0x0000000084700000, 0x0000000084700000| Untracked 
|  40|0x0000000084800000, 0x0000000084800000, 0x0000000084900000|  0%| F|  |TAMS 0x0000000084800000, 0x0000000084800000| Untracked 
|  41|0x0000000084900000, 0x0000000084900000, 0x0000000084a00000|  0%| F|  |TAMS 0x0000000084900000, 0x0000000084900000| Untracked 
|  42|0x0000000084a00000, 0x0000000084a00000, 0x0000000084b00000|  0%| F|  |TAMS 0x0000000084a00000, 0x0000000084a00000| Untracked 
|  43|0x0000000084b00000, 0x0000000084b00000, 0x0000000084c00000|  0%| F|  |TAMS 0x0000000084b00000, 0x0000000084b00000| Untracked 
|  44|0x0000000084c00000, 0x0000000084c00000, 0x0000000084d00000|  0%| F|  |TAMS 0x0000000084c00000, 0x0000000084c00000| Untracked 
|  45|0x0000000084d00000, 0x0000000084d00000, 0x0000000084e00000|  0%| F|  |TAMS 0x0000000084d00000, 0x0000000084d00000| Untracked 
|  46|0x0000000084e00000, 0x0000000084e00000, 0x0000000084f00000|  0%| F|  |TAMS 0x0000000084e00000, 0x0000000084e00000| Untracked 
|  47|0x0000000084f00000, 0x0000000084f00000, 0x0000000085000000|  0%| F|  |TAMS 0x0000000084f00000, 0x0000000084f00000| Untracked 
|  48|0x0000000085000000, 0x0000000085000000, 0x0000000085100000|  0%| F|  |TAMS 0x0000000085000000, 0x0000000085000000| Untracked 
|  49|0x0000000085100000, 0x0000000085100000, 0x0000000085200000|  0%| F|  |TAMS 0x0000000085100000, 0x0000000085100000| Untracked 
|  50|0x0000000085200000, 0x0000000085200000, 0x0000000085300000|  0%| F|  |TAMS 0x0000000085200000, 0x0000000085200000| Untracked 
|  51|0x0000000085300000, 0x0000000085300000, 0x0000000085400000|  0%| F|  |TAMS 0x0000000085300000, 0x0000000085300000| Untracked 
|  52|0x0000000085400000, 0x0000000085400000, 0x0000000085500000|  0%| F|  |TAMS 0x0000000085400000, 0x0000000085400000| Untracked 
|  53|0x0000000085500000, 0x0000000085500000, 0x0000000085600000|  0%| F|  |TAMS 0x0000000085500000, 0x0000000085500000| Untracked 
|  54|0x0000000085600000, 0x0000000085600000, 0x0000000085700000|  0%| F|  |TAMS 0x0000000085600000, 0x0000000085600000| Untracked 
|  55|0x0000000085700000, 0x0000000085700000, 0x0000000085800000|  0%| F|  |TAMS 0x0000000085700000, 0x0000000085700000| Untracked 
|  56|0x0000000085800000, 0x0000000085800000, 0x0000000085900000|  0%| F|  |TAMS 0x0000000085800000, 0x0000000085800000| Untracked 
|  57|0x0000000085900000, 0x0000000085900000, 0x0000000085a00000|  0%| F|  |TAMS 0x0000000085900000, 0x0000000085900000| Untracked 
|  58|0x0000000085a00000, 0x0000000085a00000, 0x0000000085b00000|  0%| F|  |TAMS 0x0000000085a00000, 0x0000000085a00000| Untracked 
|  59|0x0000000085b00000, 0x0000000085b00000, 0x0000000085c00000|  0%| F|  |TAMS 0x0000000085b00000, 0x0000000085b00000| Untracked 
|  60|0x0000000085c00000, 0x0000000085c00000, 0x0000000085d00000|  0%| F|  |TAMS 0x0000000085c00000, 0x0000000085c00000| Untracked 
|  61|0x0000000085d00000, 0x0000000085d00000, 0x0000000085e00000|  0%| F|  |TAMS 0x0000000085d00000, 0x0000000085d00000| Untracked 
|  62|0x0000000085e00000, 0x0000000085e00000, 0x0000000085f00000|  0%| F|  |TAMS 0x0000000085e00000, 0x0000000085e00000| Untracked 
|  63|0x0000000085f00000, 0x0000000085f00000, 0x0000000086000000|  0%| F|  |TAMS 0x0000000085f00000, 0x0000000085f00000| Untracked 
|  64|0x0000000086000000, 0x0000000086000000, 0x0000000086100000|  0%| F|  |TAMS 0x0000000086000000, 0x0000000086000000| Untracked 
|  65|0x0000000086100000, 0x0000000086100000, 0x0000000086200000|  0%| F|  |TAMS 0x0000000086100000, 0x0000000086100000| Untracked 
|  66|0x0000000086200000, 0x0000000086200000, 0x0000000086300000|  0%| F|  |TAMS 0x0000000086200000, 0x0000000086200000| Untracked 
|  67|0x0000000086300000, 0x0000000086300000, 0x0000000086400000|  0%| F|  |TAMS 0x0000000086300000, 0x0000000086300000| Untracked 
|  68|0x0000000086400000, 0x0000000086400000, 0x0000000086500000|  0%| F|  |TAMS 0x0000000086400000, 0x0000000086400000| Untracked 
|  69|0x0000000086500000, 0x0000000086500000, 0x0000000086600000|  0%| F|  |TAMS 0x0000000086500000, 0x0000000086500000| Untracked 
|  70|0x0000000086600000, 0x0000000086600000, 0x0000000086700000|  0%| F|  |TAMS 0x0000000086600000, 0x0000000086600000| Untracked 
|  71|0x0000000086700000, 0x0000000086700000, 0x0000000086800000|  0%| F|  |TAMS 0x0000000086700000, 0x0000000086700000| Untracked 
|  72|0x0000000086800000, 0x0000000086800000, 0x0000000086900000|  0%| F|  |TAMS 0x0000000086800000, 0x0000000086800000| Untracked 
|  73|0x0000000086900000, 0x0000000086900000, 0x0000000086a00000|  0%| F|  |TAMS 0x0000000086900000, 0x0000000086900000| Untracked 
|  74|0x0000000086a00000, 0x0000000086a00000, 0x0000000086b00000|  0%| F|  |TAMS 0x0000000086a00000, 0x0000000086a00000| Untracked 
|  75|0x0000000086b00000, 0x0000000086b00000, 0x0000000086c00000|  0%| F|  |TAMS 0x0000000086b00000, 0x0000000086b00000| Untracked 
|  76|0x0000000086c00000, 0x0000000086c00000, 0x0000000086d00000|  0%| F|  |TAMS 0x0000000086c00000, 0x0000000086c00000| Untracked 
|  77|0x0000000086d00000, 0x0000000086d00000, 0x0000000086e00000|  0%| F|  |TAMS 0x0000000086d00000, 0x0000000086d00000| Untracked 
|  78|0x0000000086e00000, 0x0000000086e00000, 0x0000000086f00000|  0%| F|  |TAMS 0x0000000086e00000, 0x0000000086e00000| Untracked 
|  79|0x0000000086f00000, 0x0000000086f00000, 0x0000000087000000|  0%| F|  |TAMS 0x0000000086f00000, 0x0000000086f00000| Untracked 
|  80|0x0000000087000000, 0x0000000087000000, 0x0000000087100000|  0%| F|  |TAMS 0x0000000087000000, 0x0000000087000000| Untracked 
|  81|0x0000000087100000, 0x0000000087100000, 0x0000000087200000|  0%| F|  |TAMS 0x0000000087100000, 0x0000000087100000| Untracked 
|  82|0x0000000087200000, 0x0000000087200000, 0x0000000087300000|  0%| F|  |TAMS 0x0000000087200000, 0x0000000087200000| Untracked 
|  83|0x0000000087300000, 0x0000000087300000, 0x0000000087400000|  0%| F|  |TAMS 0x0000000087300000, 0x0000000087300000| Untracked 
|  84|0x0000000087400000, 0x0000000087400000, 0x0000000087500000|  0%| F|  |TAMS 0x0000000087400000, 0x0000000087400000| Untracked 
|  85|0x0000000087500000, 0x0000000087500000, 0x0000000087600000|  0%| F|  |TAMS 0x0000000087500000, 0x0000000087500000| Untracked 
|  86|0x0000000087600000, 0x0000000087600000, 0x0000000087700000|  0%| F|  |TAMS 0x0000000087600000, 0x0000000087600000| Untracked 
|  87|0x0000000087700000, 0x0000000087700000, 0x0000000087800000|  0%| F|  |TAMS 0x0000000087700000, 0x0000000087700000| Untracked 
|  88|0x0000000087800000, 0x0000000087800000, 0x0000000087900000|  0%| F|  |TAMS 0x0000000087800000, 0x0000000087800000| Untracked 
|  89|0x0000000087900000, 0x0000000087900000, 0x0000000087a00000|  0%| F|  |TAMS 0x0000000087900000, 0x0000000087900000| Untracked 
|  90|0x0000000087a00000, 0x0000000087a00000, 0x0000000087b00000|  0%| F|  |TAMS 0x0000000087a00000, 0x0000000087a00000| Untracked 
|  91|0x0000000087b00000, 0x0000000087b00000, 0x0000000087c00000|  0%| F|  |TAMS 0x0000000087b00000, 0x0000000087b00000| Untracked 
|  92|0x0000000087c00000, 0x0000000087c00000, 0x0000000087d00000|  0%| F|  |TAMS 0x0000000087c00000, 0x0000000087c00000| Untracked 
|  93|0x0000000087d00000, 0x0000000087d00000, 0x0000000087e00000|  0%| F|  |TAMS 0x0000000087d00000, 0x0000000087d00000| Untracked 
|  94|0x0000000087e00000, 0x0000000087e00000, 0x0000000087f00000|  0%| F|  |TAMS 0x0000000087e00000, 0x0000000087e00000| Untracked 
|  95|0x0000000087f00000, 0x0000000087f00000, 0x0000000088000000|  0%| F|  |TAMS 0x0000000087f00000, 0x0000000087f00000| Untracked 
|  96|0x0000000088000000, 0x0000000088000000, 0x0000000088100000|  0%| F|  |TAMS 0x0000000088000000, 0x0000000088000000| Untracked 
|  97|0x0000000088100000, 0x0000000088100000, 0x0000000088200000|  0%| F|  |TAMS 0x0000000088100000, 0x0000000088100000| Untracked 
|  98|0x0000000088200000, 0x0000000088200000, 0x0000000088300000|  0%| F|  |TAMS 0x0000000088200000, 0x0000000088200000| Untracked 
|  99|0x0000000088300000, 0x0000000088300000, 0x0000000088400000|  0%| F|  |TAMS 0x0000000088300000, 0x0000000088300000| Untracked 
| 100|0x0000000088400000, 0x0000000088400000, 0x0000000088500000|  0%| F|  |TAMS 0x0000000088400000, 0x0000000088400000| Untracked 
| 101|0x0000000088500000, 0x0000000088500000, 0x0000000088600000|  0%| F|  |TAMS 0x0000000088500000, 0x0000000088500000| Untracked 
| 102|0x0000000088600000, 0x0000000088600000, 0x0000000088700000|  0%| F|  |TAMS 0x0000000088600000, 0x0000000088600000| Untracked 
| 103|0x0000000088700000, 0x0000000088700000, 0x0000000088800000|  0%| F|  |TAMS 0x0000000088700000, 0x0000000088700000| Untracked 
| 104|0x0000000088800000, 0x0000000088800000, 0x0000000088900000|  0%| F|  |TAMS 0x0000000088800000, 0x0000000088800000| Untracked 
| 105|0x0000000088900000, 0x0000000088900000, 0x0000000088a00000|  0%| F|  |TAMS 0x0000000088900000, 0x0000000088900000| Untracked 
| 106|0x0000000088a00000, 0x0000000088a00000, 0x0000000088b00000|  0%| F|  |TAMS 0x0000000088a00000, 0x0000000088a00000| Untracked 
| 107|0x0000000088b00000, 0x0000000088b00000, 0x0000000088c00000|  0%| F|  |TAMS 0x0000000088b00000, 0x0000000088b00000| Untracked 
| 108|0x0000000088c00000, 0x0000000088c00000, 0x0000000088d00000|  0%| F|  |TAMS 0x0000000088c00000, 0x0000000088c00000| Untracked 
| 109|0x0000000088d00000, 0x0000000088d00000, 0x0000000088e00000|  0%| F|  |TAMS 0x0000000088d00000, 0x0000000088d00000| Untracked 
| 110|0x0000000088e00000, 0x0000000088e00000, 0x0000000088f00000|  0%| F|  |TAMS 0x0000000088e00000, 0x0000000088e00000| Untracked 
| 111|0x0000000088f00000, 0x0000000089000000, 0x0000000089000000|100%| S|CS|TAMS 0x0000000088f00000, 0x0000000088f00000| Complete 
| 112|0x0000000089000000, 0x0000000089100000, 0x0000000089100000|100%| S|CS|TAMS 0x0000000089000000, 0x0000000089000000| Complete 
| 113|0x0000000089100000, 0x0000000089100000, 0x0000000089200000|  0%| F|  |TAMS 0x0000000089100000, 0x0000000089100000| Untracked 
| 114|0x0000000089200000, 0x0000000089200000, 0x0000000089300000|  0%| F|  |TAMS 0x0000000089200000, 0x0000000089200000| Untracked 
| 115|0x0000000089300000, 0x0000000089300000, 0x0000000089400000|  0%| F|  |TAMS 0x0000000089300000, 0x0000000089300000| Untracked 
| 116|0x0000000089400000, 0x0000000089445ca0, 0x0000000089500000| 27%| E|  |TAMS 0x0000000089400000, 0x0000000089400000| Complete 
| 117|0x0000000089500000, 0x0000000089600000, 0x0000000089600000|100%| E|CS|TAMS 0x0000000089500000, 0x0000000089500000| Complete 
| 118|0x0000000089600000, 0x0000000089700000, 0x0000000089700000|100%| E|CS|TAMS 0x0000000089600000, 0x0000000089600000| Complete 
| 119|0x0000000089700000, 0x0000000089800000, 0x0000000089800000|100%| E|CS|TAMS 0x0000000089700000, 0x0000000089700000| Complete 
| 120|0x0000000089800000, 0x0000000089900000, 0x0000000089900000|100%| E|CS|TAMS 0x0000000089800000, 0x0000000089800000| Complete 
| 121|0x0000000089900000, 0x0000000089a00000, 0x0000000089a00000|100%| E|CS|TAMS 0x0000000089900000, 0x0000000089900000| Complete 
| 122|0x0000000089a00000, 0x0000000089b00000, 0x0000000089b00000|100%| E|CS|TAMS 0x0000000089a00000, 0x0000000089a00000| Complete 
| 123|0x0000000089b00000, 0x0000000089c00000, 0x0000000089c00000|100%| E|CS|TAMS 0x0000000089b00000, 0x0000000089b00000| Complete 
| 124|0x0000000089c00000, 0x0000000089d00000, 0x0000000089d00000|100%| E|CS|TAMS 0x0000000089c00000, 0x0000000089c00000| Complete 
| 125|0x0000000089d00000, 0x0000000089e00000, 0x0000000089e00000|100%| E|CS|TAMS 0x0000000089d00000, 0x0000000089d00000| Complete 

Card table byte_map: [0x0000000019960000,0x0000000019d50000] _byte_map_base: 0x0000000019550000

Marking Bits (Prev, Next): (CMBitMap*) 0x000000000019fe40, (CMBitMap*) 0x000000000019fe80
 Prev Bits: [0x000000001a140000, 0x000000001c0c0000)
 Next Bits: [0x000000001c0c0000, 0x000000001e040000)

Polling page: 0x0000000000440000

Metaspace:

Usage:
  Non-class:      6.70 MB used.
      Class:    916.28 KB used.
       Both:      7.59 MB used.

Virtual space:
  Non-class space:        8.00 MB reserved,       6.75 MB ( 84%) committed,  1 nodes.
      Class space:        1.00 GB reserved,       1.00 MB ( <1%) committed,  1 nodes.
             Both:        1.01 GB reserved,       7.75 MB ( <1%) committed. 

Chunk freelists:
   Non-Class:  464.00 KB
       Class:  3.05 MB
        Both:  3.51 MB

MaxMetaspaceSize: unlimited
CompressedClassSpaceSize: 1.00 GB
Initial GC threshold: 21.00 MB
Current GC threshold: 21.00 MB
CDS: on
MetaspaceReclaimPolicy: balanced
 - commit_granule_bytes: 65536.
 - commit_granule_words: 8192.
 - virtual_space_node_default_size: 1048576.
 - enlarge_chunks_in_place: 1.
 - new_chunks_are_fully_committed: 0.
 - uncommit_free_chunks: 1.
 - use_allocation_guard: 0.
 - handle_deallocations: 1.


Internal statistics:

num_allocs_failed_limit: 0.
num_arena_births: 34.
num_arena_deaths: 0.
num_vsnodes_births: 2.
num_vsnodes_deaths: 0.
num_space_committed: 124.
num_space_uncommitted: 0.
num_chunks_returned_to_freelist: 0.
num_chunks_taken_from_freelist: 177.
num_chunk_merges: 0.
num_chunk_splits: 121.
num_chunks_enlarged: 101.
num_purges: 0.
num_inconsistent_stats: 0.

CodeHeap 'non-profiled nmethods': size=120000Kb used=409Kb max_used=409Kb free=119590Kb
 bounds [0x0000000011c00000, 0x0000000011e70000, 0x0000000019130000]
CodeHeap 'profiled nmethods': size=120000Kb used=1911Kb max_used=1911Kb free=118088Kb
 bounds [0x000000000a6d0000, 0x000000000a940000, 0x0000000011c00000]
CodeHeap 'non-nmethods': size=5760Kb used=1181Kb max_used=1197Kb free=4579Kb
 bounds [0x000000000a130000, 0x000000000a3a0000, 0x000000000a6d0000]
 total_blobs=1503 nmethods=1028 adapters=388
 compilation: enabled
              stopped_count=0, restarted_count=0
 full_count=0

Compilation events (20 events):
Event: 1.613 Thread 0x0000000020e14460 1021   !   3       sun.security.ssl.SSLAlgorithmDecomposer::decompose (67 bytes)
Event: 1.614 Thread 0x0000000020e14460 nmethod 1021 0x000000000a89fe10 code [0x000000000a8a0020, 0x000000000a8a0488]
Event: 1.614 Thread 0x0000000020e14460 1022       3       sun.security.ssl.SSLAlgorithmDecomposer::decompose (93 bytes)
Event: 1.615 Thread 0x0000000020e14460 nmethod 1022 0x000000000a8a0690 code [0x000000000a8a08e0, 0x000000000a8a1338]
Event: 1.615 Thread 0x0000000020e14460 1025       3       sun.security.ssl.SSLAlgorithmDecomposer::decomposes (533 bytes)
Event: 1.619 Thread 0x0000000020e14460 nmethod 1025 0x000000000a8a1610 code [0x000000000a8a1e40, 0x000000000a8a8608]
Event: 1.619 Thread 0x0000000020e14460 1023   !   3       java.lang.Class::getEnumConstantsShared (71 bytes)
Event: 1.621 Thread 0x0000000020e14460 nmethod 1023 0x000000000a8a9910 code [0x000000000a8a9c40, 0x000000000a8ab098]
Event: 1.621 Thread 0x0000000020e14460 1024       3       java.lang.System$2::getEnumConstantsShared (8 bytes)
Event: 1.622 Thread 0x0000000020e14460 nmethod 1024 0x000000000a8ab910 code [0x000000000a8abac0, 0x000000000a8abd08]
Event: 1.622 Thread 0x0000000020e14460 1026       3       java.lang.String::split (7 bytes)
Event: 1.622 Thread 0x0000000020e14460 nmethod 1026 0x000000000a8abe10 code [0x000000000a8abfa0, 0x000000000a8ac0e8]
Event: 1.623 Thread 0x0000000020e14460 1028       3       sun.security.util.ObjectIdentifier::checkOtherComponent (41 bytes)
Event: 1.624 Thread 0x0000000020e14460 nmethod 1028 0x000000000a8ac190 code [0x000000000a8ac3e0, 0x000000000a8acae8]
Event: 1.627 Thread 0x0000000020e14460 1029       3       sun.security.util.ObjectIdentifier::pack (219 bytes)
Event: 1.628 Thread 0x0000000020e14460 nmethod 1029 0x000000000a8acd90 code [0x000000000a8acf60, 0x000000000a8ad5c8]
Event: 1.628 Thread 0x0000000020e14460 1030       3       sun.security.util.ObjectIdentifier::pack7Oid (84 bytes)
Event: 1.628 Thread 0x0000000020e14460 nmethod 1030 0x000000000a8ad810 code [0x000000000a8ad9e0, 0x000000000a8add38]
Event: 1.633 Thread 0x0000000020e11270 nmethod 1018 0x0000000011c61b90 code [0x0000000011c61da0, 0x0000000011c628d0]
Event: 1.633 Thread 0x0000000020e11270 1015       4       java.util.HashMap$HashIterator::nextNode (100 bytes)

GC Heap History (2 events):
Event: 1.206 GC heap before
{Heap before GC invocations=0 (full 0):
 garbage-first heap   total 129024K, used 12288K [0x0000000082000000, 0x0000000100000000)
  region size 1024K, 13 young (13312K), 0 survivors (0K)
 Metaspace       used 3461K, committed 3584K, reserved 1056768K
  class space    used 410K, committed 448K, reserved 1048576K
}
Event: 1.214 GC heap after
{Heap after GC invocations=1 (full 0):
 garbage-first heap   total 129024K, used 3506K [0x0000000082000000, 0x0000000100000000)
  region size 1024K, 2 young (2048K), 2 survivors (2048K)
 Metaspace       used 3461K, committed 3584K, reserved 1056768K
  class space    used 410K, committed 448K, reserved 1048576K
}

Deoptimization events (20 events):
Event: 1.240 Thread 0x000000000015dbe0 DEOPT PACKING pc=0x000000000a70f7d6 sp=0x000000000223c140
Event: 1.240 Thread 0x000000000015dbe0 DEOPT UNPACKING pc=0x000000000a182b43 sp=0x000000000223b5c8 mode 0
Event: 1.252 Thread 0x000000000015dbe0 Uncommon trap: trap_request=0xffffffde fr.pc=0x0000000011c37218 relative=0x0000000000000358
Event: 1.252 Thread 0x000000000015dbe0 Uncommon trap: reason=class_check action=maybe_recompile pc=0x0000000011c37218 method=java.util.HashMap.getNode(Ljava/lang/Object;)Ljava/util/HashMap$Node; @ 63 c2
Event: 1.252 Thread 0x000000000015dbe0 DEOPT PACKING pc=0x0000000011c37218 sp=0x000000000223c020
Event: 1.252 Thread 0x000000000015dbe0 DEOPT UNPACKING pc=0x000000000a1823a3 sp=0x000000000223bf38 mode 2
Event: 1.377 Thread 0x000000000015dbe0 DEOPT PACKING pc=0x000000000a7763a7 sp=0x000000000223bcf0
Event: 1.378 Thread 0x000000000015dbe0 DEOPT UNPACKING pc=0x000000000a182b43 sp=0x000000000223b150 mode 0
Event: 1.467 Thread 0x000000000015dbe0 Uncommon trap: trap_request=0xffffffde fr.pc=0x0000000011c50a9c relative=0x00000000000003dc
Event: 1.467 Thread 0x000000000015dbe0 Uncommon trap: reason=class_check action=maybe_recompile pc=0x0000000011c50a9c method=java.util.HashMap.getNode(Ljava/lang/Object;)Ljava/util/HashMap$Node; @ 128 c2
Event: 1.467 Thread 0x000000000015dbe0 DEOPT PACKING pc=0x0000000011c50a9c sp=0x000000000223b440
Event: 1.467 Thread 0x000000000015dbe0 DEOPT UNPACKING pc=0x000000000a1823a3 sp=0x000000000223b358 mode 2
Event: 1.467 Thread 0x000000000015dbe0 Uncommon trap: trap_request=0xffffffde fr.pc=0x0000000011c50a9c relative=0x00000000000003dc
Event: 1.467 Thread 0x000000000015dbe0 Uncommon trap: reason=class_check action=maybe_recompile pc=0x0000000011c50a9c method=java.util.HashMap.getNode(Ljava/lang/Object;)Ljava/util/HashMap$Node; @ 128 c2
Event: 1.467 Thread 0x000000000015dbe0 DEOPT PACKING pc=0x0000000011c50a9c sp=0x000000000223b440
Event: 1.467 Thread 0x000000000015dbe0 DEOPT UNPACKING pc=0x000000000a1823a3 sp=0x000000000223b358 mode 2
Event: 1.467 Thread 0x000000000015dbe0 Uncommon trap: trap_request=0xffffffde fr.pc=0x0000000011c35bc4 relative=0x0000000000000384
Event: 1.467 Thread 0x000000000015dbe0 Uncommon trap: reason=class_check action=maybe_recompile pc=0x0000000011c35bc4 method=java.util.HashMap.getNode(Ljava/lang/Object;)Ljava/util/HashMap$Node; @ 128 c2
Event: 1.467 Thread 0x000000000015dbe0 DEOPT PACKING pc=0x0000000011c35bc4 sp=0x000000000223b3d0
Event: 1.467 Thread 0x000000000015dbe0 DEOPT UNPACKING pc=0x000000000a1823a3 sp=0x000000000223b358 mode 2

Classes unloaded (0 events):
No events

Classes redefined (0 events):
No events

Internal exceptions (20 events):
Event: 0.347 Thread 0x0000000022765370 Exception <a 'java/lang/NoSuchMethodError'{0x0000000089cccaa0}: 'java.lang.Object java.lang.invoke.DirectMethodHandle$Holder.invokeStaticInit(java.lang.Object)'> (0x0000000089cccaa0) 
thrown [t:\workspace\open\src\hotspot\share\interpreter\linkResolver.cpp, line 766]
Event: 0.389 Thread 0x0000000022765370 Exception <a 'java/lang/NoSuchMethodError'{0x0000000089cda878}: 'void java.lang.invoke.DirectMethodHandle$Holder.invokeStatic(java.lang.Object, java.lang.Object)'> (0x0000000089cda878) 
thrown [t:\workspace\open\src\hotspot\share\interpreter\linkResolver.cpp, line 766]
Event: 0.479 Thread 0x000000000015dbe0 Exception <a 'java/io/FileNotFoundException'{0x00000000898b7170}> (0x00000000898b7170) 
thrown [t:\workspace\open\src\hotspot\share\prims\jni.cpp, line 516]
Event: 0.726 Thread 0x000000000015dbe0 Exception <a 'java/lang/NoSuchMethodError'{0x000000008953e808}: 'java.lang.Object java.lang.invoke.DirectMethodHandle$Holder.invokeInterface(java.lang.Object, java.lang.Object)'> (0x000000008953e808) 
thrown [t:\workspace\open\src\hotspot\share\interpreter\linkResolver.cpp, line 766]
Event: 0.727 Thread 0x000000000015dbe0 Exception <a 'java/lang/IncompatibleClassChangeError'{0x0000000089542000}: Found class java.lang.Object, but interface was expected> (0x0000000089542000) 
thrown [t:\workspace\open\src\hotspot\share\interpreter\linkResolver.cpp, line 833]
Event: 0.762 Thread 0x000000000015dbe0 Exception <a 'java/lang/NoSuchMethodError'{0x00000000895a9f40}: 'java.lang.Object java.lang.invoke.DirectMethodHandle$Holder.newInvokeSpecial(java.lang.Object, java.lang.Object, java.lang.Object, java.lang.Object, java.lang.Object)'> (0x00000000895a9f40) 
thrown [t:\workspace\open\src\hotspot\share\interpreter\linkResolver.cpp, line 766]
Event: 0.868 Thread 0x000000000015dbe0 Implicit null exception at 0x0000000011c30de7 to 0x0000000011c31e8f
Event: 0.870 Thread 0x000000000015dbe0 Exception <a 'java/lang/NoSuchMethodError'{0x00000000894c9a60}: 'int java.lang.invoke.DirectMethodHandle$Holder.invokeStaticInit(java.lang.Object, java.lang.Object)'> (0x00000000894c9a60) 
thrown [t:\workspace\open\src\hotspot\share\interpreter\linkResolver.cpp, line 766]
Event: 0.935 Thread 0x000000000015dbe0 Exception <a 'java/net/SocketException'{0x0000000089323a10}: Socket is not connected: shutdown> (0x0000000089323a10) 
thrown [t:\workspace\open\src\hotspot\share\prims\jni.cpp, line 535]
Event: 1.218 Thread 0x000000000015dbe0 Exception <a 'java/lang/NoSuchMethodError'{0x0000000089d0f108}: 'void java.lang.invoke.DirectMethodHandle$Holder.invokeStaticInit(java.lang.Object, java.lang.Object)'> (0x0000000089d0f108) 
thrown [t:\workspace\open\src\hotspot\share\interpreter\linkResolver.cpp, line 766]
Event: 1.222 Thread 0x000000000015dbe0 Exception <a 'java/lang/NoSuchMethodError'{0x0000000089d252e0}: 'void java.lang.invoke.DirectMethodHandle$Holder.invokeStatic(java.lang.Object, java.lang.Object, java.lang.Object, java.lang.Object)'> (0x0000000089d252e0) 
thrown [t:\workspace\open\src\hotspot\share\interpreter\linkResolver.cpp, line 766]
Event: 1.230 Thread 0x000000000015dbe0 Exception <a 'java/lang/NoSuchMethodError'{0x0000000089d6f190}: 'java.lang.Object java.lang.invoke.DirectMethodHandle$Holder.invokeSpecialIFC(java.lang.Object, java.lang.Object, java.lang.Object, java.lang.Object)'> (0x0000000089d6f190) 
thrown [t:\workspace\open\src\hotspot\share\interpreter\linkResolver.cpp, line 766]
Event: 1.292 Thread 0x000000000015dbe0 Exception <a 'java/lang/NoClassDefFoundError'{0x0000000089cb39e8}: org/slf4j/impl/StaticLoggerBinder> (0x0000000089cb39e8) 
thrown [t:\workspace\open\src\hotspot\share\classfile\systemDictionary.cpp, line 245]
Event: 1.307 Thread 0x000000000015dbe0 Exception <a 'java/lang/NoClassDefFoundError'{0x0000000089b12a08}> (0x0000000089b12a08) 
thrown [t:\workspace\open\src\hotspot\share\oops\instanceKlass.cpp, line 1163]
Event: 1.309 Thread 0x000000000015dbe0 Exception <a 'java/lang/NoClassDefFoundError'{0x0000000089b1cb18}: org/apache/logging/log4j/spi/ExtendedLoggerWrapper> (0x0000000089b1cb18) 
thrown [t:\workspace\open\src\hotspot\share\classfile\systemDictionary.cpp, line 245]
Event: 1.310 Thread 0x000000000015dbe0 Exception <a 'java/lang/NoClassDefFoundError'{0x0000000089b27210}: org/apache/log4j/Priority> (0x0000000089b27210) 
thrown [t:\workspace\open\src\hotspot\share\classfile\systemDictionary.cpp, line 245]
Event: 1.369 Thread 0x000000000015dbe0 Exception <a 'java/lang/NoSuchMethodError'{0x0000000089ac3e48}: 'int java.lang.invoke.DirectMethodHandle$Holder.invokeSpecial(java.lang.Object, java.lang.Object, java.lang.Object)'> (0x0000000089ac3e48) 
thrown [t:\workspace\open\src\hotspot\share\interpreter\linkResolver.cpp, line 766]
Event: 1.524 Thread 0x000000000015dbe0 Exception <a 'sun/nio/fs/WindowsException'{0x000000008961c3d8}> (0x000000008961c3d8) 
thrown [t:\workspace\open\src\hotspot\share\prims\jni.cpp, line 516]
Event: 1.542 Thread 0x000000000015dbe0 Exception <a 'java/lang/NoSuchMethodError'{0x000000008963c4b0}: 'int java.lang.invoke.DirectMethodHandle$Holder.invokeStaticInit(java.lang.Object, java.lang.Object, java.lang.Object, java.lang.Object)'> (0x000000008963c4b0) 
thrown [t:\workspace\open\src\hotspot\share\interpreter\linkResolver.cpp, line 766]
Event: 1.544 Thread 0x000000000015dbe0 Exception <a 'java/lang/IncompatibleClassChangeError'{0x0000000089645e70}: Found class java.lang.Object, but interface was expected> (0x0000000089645e70) 
thrown [t:\workspace\open\src\hotspot\share\interpreter\linkResolver.cpp, line 833]

VM Operations (20 events):
Event: 0.479 Executing VM operation: HandshakeAllThreads
Event: 0.479 Executing VM operation: HandshakeAllThreads done
Event: 0.938 Executing VM operation: HandshakeAllThreads
Event: 0.938 Executing VM operation: HandshakeAllThreads done
Event: 0.974 Executing VM operation: HandshakeAllThreads
Event: 0.974 Executing VM operation: HandshakeAllThreads done
Event: 1.131 Executing VM operation: HandshakeAllThreads
Event: 1.131 Executing VM operation: HandshakeAllThreads done
Event: 1.131 Executing VM operation: Cleanup
Event: 1.132 Executing VM operation: Cleanup done
Event: 1.132 Executing VM operation: HandshakeAllThreads
Event: 1.132 Executing VM operation: HandshakeAllThreads done
Event: 1.206 Executing VM operation: G1CollectForAllocation
Event: 1.215 Executing VM operation: G1CollectForAllocation done
Event: 1.302 Executing VM operation: HandshakeAllThreads
Event: 1.302 Executing VM operation: HandshakeAllThreads done
Event: 1.319 Executing VM operation: HandshakeAllThreads
Event: 1.319 Executing VM operation: HandshakeAllThreads done
Event: 1.422 Executing VM operation: HandshakeAllThreads
Event: 1.422 Executing VM operation: HandshakeAllThreads done

Events (20 events):
Event: 1.628 loading class sun/security/x509/CertAttrSet
Event: 1.628 loading class sun/security/x509/CertAttrSet done
Event: 1.628 loading class sun/security/x509/X509CertInfo done
Event: 1.628 loading class sun/security/x509/CertificateVersion
Event: 1.629 loading class sun/security/x509/CertificateVersion done
Event: 1.629 loading class sun/security/x509/CertificateSerialNumber
Event: 1.629 loading class sun/security/x509/CertificateSerialNumber done
Event: 1.629 loading class sun/security/x509/SerialNumber
Event: 1.629 loading class sun/security/x509/SerialNumber done
Event: 1.629 loading class sun/security/x509/CertificateAlgorithmId
Event: 1.629 loading class sun/security/x509/CertificateAlgorithmId done
Event: 1.629 loading class sun/security/x509/X500Name
Event: 1.629 loading class sun/security/x509/GeneralNameInterface
Event: 1.629 loading class sun/security/x509/GeneralNameInterface done
Event: 1.629 loading class sun/security/x509/X500Name done
Event: 1.630 loading class sun/security/x509/X500Name$1
Event: 1.630 loading class sun/security/x509/X500Name$1 done
Event: 1.630 loading class javax/security/auth/x500/X500Principal
Event: 1.630 loading class javax/security/auth/x500/X500Principal done
Event: 1.631 loading class sun/security/x509/RDN


Dynamic libraries:
0x000000013f2f0000 - 0x000000013f2fe000 	C:\Users\Mano\.jdks\openjdk-17.0.1\bin\java.exe
0x0000000077530000 - 0x00000000776cf000 	C:\Windows\SYSTEM32\ntdll.dll
0x000007fed7e90000 - 0x000007fed7ea6000 	C:\Program Files\AVAST Software\Avast\aswhook.dll
0x0000000077310000 - 0x000000007742f000 	C:\Windows\system32\kernel32.dll
0x000007fefd270000 - 0x000007fefd2d7000 	C:\Windows\system32\KERNELBASE.dll
0x000007fedaf30000 - 0x000007fedaf48000 	C:\Users\Mano\.jdks\openjdk-17.0.1\bin\jli.dll
0x000007fefbfc0000 - 0x000007fefc1b5000 	C:\Windows\WinSxS\amd64_microsoft.windows.common-controls_6595b64144ccf1df_6.0.7601.24483_none_e372d88f30fbb845\COMCTL32.dll
0x000007fefe070000 - 0x000007fefe10f000 	C:\Windows\system32\msvcrt.dll
0x000007fefd850000 - 0x000007fefd8b7000 	C:\Windows\system32\GDI32.dll
0x0000000077430000 - 0x000000007752b000 	C:\Windows\system32\USER32.dll
0x000007fefd960000 - 0x000007fefd96e000 	C:\Windows\system32\LPK.dll
0x000007feff750000 - 0x000007feff81b000 	C:\Windows\system32\USP10.dll
0x000007fefe110000 - 0x000007fefe181000 	C:\Windows\system32\SHLWAPI.dll
0x000007fedaf10000 - 0x000007fedaf2a000 	C:\Users\Mano\.jdks\openjdk-17.0.1\bin\VCRUNTIME140.dll
0x000007fedb5b0000 - 0x000007fedb5b4000 	C:\Users\Mano\.jdks\openjdk-17.0.1\bin\api-ms-win-crt-runtime-l1-1-0.dll
0x000007fec95e0000 - 0x000007fec96da000 	C:\Users\Mano\.jdks\openjdk-17.0.1\bin\ucrtbase.DLL
0x000007fedb270000 - 0x000007fedb273000 	C:\Users\Mano\.jdks\openjdk-17.0.1\bin\api-ms-win-core-localization-l1-2-0.dll
0x000007fedaf00000 - 0x000007fedaf03000 	C:\Users\Mano\.jdks\openjdk-17.0.1\bin\api-ms-win-core-processthreads-l1-1-1.dll
0x000007fedaef0000 - 0x000007fedaef3000 	C:\Users\Mano\.jdks\openjdk-17.0.1\bin\api-ms-win-core-file-l1-2-0.dll
0x000007fedaee0000 - 0x000007fedaee3000 	C:\Users\Mano\.jdks\openjdk-17.0.1\bin\api-ms-win-core-timezone-l1-1-0.dll
0x000007fed7fa0000 - 0x000007fed7fa3000 	C:\Users\Mano\.jdks\openjdk-17.0.1\bin\api-ms-win-core-file-l2-1-0.dll
0x000007fed7f90000 - 0x000007fed7f93000 	C:\Users\Mano\.jdks\openjdk-17.0.1\bin\api-ms-win-core-synch-l1-2-0.dll
0x000007fed7ef0000 - 0x000007fed7ef3000 	C:\Users\Mano\.jdks\openjdk-17.0.1\bin\api-ms-win-crt-heap-l1-1-0.dll
0x000007fed7ee0000 - 0x000007fed7ee4000 	C:\Users\Mano\.jdks\openjdk-17.0.1\bin\api-ms-win-crt-string-l1-1-0.dll
0x000007fed7dc0000 - 0x000007fed7dc4000 	C:\Users\Mano\.jdks\openjdk-17.0.1\bin\api-ms-win-crt-stdio-l1-1-0.dll
0x000007fed7db0000 - 0x000007fed7db4000 	C:\Users\Mano\.jdks\openjdk-17.0.1\bin\api-ms-win-crt-convert-l1-1-0.dll
0x000007fed7da0000 - 0x000007fed7da3000 	C:\Users\Mano\.jdks\openjdk-17.0.1\bin\api-ms-win-crt-environment-l1-1-0.dll
0x000007fed7d90000 - 0x000007fed7d93000 	C:\Users\Mano\.jdks\openjdk-17.0.1\bin\api-ms-win-crt-filesystem-l1-1-0.dll
0x000007fed7d70000 - 0x000007fed7d75000 	C:\Users\Mano\.jdks\openjdk-17.0.1\bin\api-ms-win-crt-math-l1-1-0.dll
0x000007fed7d60000 - 0x000007fed7d63000 	C:\Users\Mano\.jdks\openjdk-17.0.1\bin\api-ms-win-crt-locale-l1-1-0.dll
0x000007fefd440000 - 0x000007fefd46e000 	C:\Windows\system32\IMM32.DLL
0x000007fefd970000 - 0x000007fefda7b000 	C:\Windows\system32\MSCTF.dll
0x000007fefcfc0000 - 0x000007fefcff0000 	C:\Windows\system32\nvinitx.dll
0x000007fefcfb0000 - 0x000007fefcfbc000 	C:\Windows\system32\VERSION.dll
0x000007fefddb0000 - 0x000007fefde8b000 	C:\Windows\system32\ADVAPI32.dll
0x000007feff450000 - 0x000007feff46f000 	C:\Windows\SYSTEM32\sechost.dll
0x000007fefd480000 - 0x000007fefd5ac000 	C:\Windows\system32\RPCRT4.dll
0x0000000072ca0000 - 0x0000000072ca6000 	C:\Program Files\NVIDIA Corporation\CoProcManager\detoured.dll
0x000007fef7570000 - 0x000007fef75a8000 	C:\Program Files\NVIDIA Corporation\CoProcManager\nvd3d9wrapx.dll
0x000007fefde90000 - 0x000007fefe067000 	C:\Windows\system32\SETUPAPI.dll
0x000007fefd0a0000 - 0x000007fefd0d6000 	C:\Windows\system32\CFGMGR32.dll
0x000007feff490000 - 0x000007feff56b000 	C:\Windows\system32\OLEAUT32.dll
0x000007fefd650000 - 0x000007fefd84f000 	C:\Windows\system32\ole32.dll
0x000007fefd250000 - 0x000007fefd26a000 	C:\Windows\system32\DEVOBJ.dll
0x000007fef7250000 - 0x000007fef7274000 	C:\Program Files\NVIDIA Corporation\CoProcManager\nvdxgiwrapx.dll
0x000007fed7c70000 - 0x000007fed7c7c000 	C:\Users\Mano\.jdks\openjdk-17.0.1\bin\vcruntime140_1.dll
0x000007fed5340000 - 0x000007fed53cd000 	C:\Users\Mano\.jdks\openjdk-17.0.1\bin\msvcp140.dll
0x000007fed7840000 - 0x000007fed7843000 	C:\Users\Mano\.jdks\openjdk-17.0.1\bin\api-ms-win-crt-time-l1-1-0.dll
0x000007fed75e0000 - 0x000007fed75e3000 	C:\Users\Mano\.jdks\openjdk-17.0.1\bin\api-ms-win-crt-utility-l1-1-0.dll
0x000007feb5010000 - 0x000007feb5bce000 	C:\Users\Mano\.jdks\openjdk-17.0.1\bin\server\jvm.dll
0x000007fef91e0000 - 0x000007fef91e9000 	C:\Windows\system32\WSOCK32.dll
0x000007feff700000 - 0x000007feff74d000 	C:\Windows\system32\WS2_32.dll
0x000007fefd470000 - 0x000007fefd478000 	C:\Windows\system32\NSI.dll
0x000007fefa660000 - 0x000007fefa69b000 	C:\Windows\system32\WINMM.dll
0x00000000776d0000 - 0x00000000776d7000 	C:\Windows\system32\PSAPI.DLL
0x000007fed74c0000 - 0x000007fed74ca000 	C:\Users\Mano\.jdks\openjdk-17.0.1\bin\jimage.dll
0x000007fefaa00000 - 0x000007fefab25000 	C:\Windows\system32\DBGHELP.DLL
0x000007fed74b0000 - 0x000007fed74be000 	C:\Users\Mano\.jdks\openjdk-17.0.1\bin\instrument.dll
0x000007fed6650000 - 0x000007fed6675000 	C:\Users\Mano\.jdks\openjdk-17.0.1\bin\java.dll
0x000007fec9500000 - 0x000007fec95d6000 	C:\Users\Mano\.jdks\openjdk-17.0.1\bin\svml.dll
0x000007fefe190000 - 0x000007fefef1b000 	C:\Windows\system32\SHELL32.dll
0x000007fefd080000 - 0x000007fefd08f000 	C:\Windows\system32\profapi.dll
0x000007fed6610000 - 0x000007fed6628000 	C:\Users\Mano\.jdks\openjdk-17.0.1\bin\zip.dll
0x000007fed6760000 - 0x000007fed6779000 	C:\Users\Mano\.jdks\openjdk-17.0.1\bin\net.dll
0x000007fef71d0000 - 0x000007fef7241000 	C:\Windows\system32\WINHTTP.dll
0x000007fef7160000 - 0x000007fef71c5000 	C:\Windows\system32\webio.dll
0x000007fefc750000 - 0x000007fefc7a5000 	C:\Windows\system32\mswsock.dll
0x000007fefc8d0000 - 0x000007fefc8d7000 	C:\Windows\System32\wship6.dll
0x000007fed6630000 - 0x000007fed6645000 	C:\Users\Mano\.jdks\openjdk-17.0.1\bin\nio.dll
0x000007fed5a30000 - 0x000007fed5a4a000 	C:\Program Files\JetBrains\IntelliJ IDEA Community Edition 2021.2.3\bin\breakgen64.dll
0x000007fed74a0000 - 0x000007fed74b0000 	C:\Users\Mano\.jdks\openjdk-17.0.1\bin\verify.dll
0x000007fefc370000 - 0x000007fefc377000 	C:\Windows\System32\wshtcpip.dll
0x000007fefc590000 - 0x000007fefc5eb000 	C:\Windows\system32\DNSAPI.dll
0x000000006e330000 - 0x000000006e356000 	C:\Program Files\Bonjour\mdnsNSP.dll
0x000007fef9ed0000 - 0x000007fef9ef7000 	C:\Windows\system32\Iphlpapi.DLL
0x000007fef9ec0000 - 0x000007fef9ecb000 	C:\Windows\system32\WINNSI.DLL
0x000007feec3d0000 - 0x000007feec3d8000 	C:\Windows\system32\rasadhlp.dll
0x000007fef9d00000 - 0x000007fef9d53000 	C:\Windows\System32\fwpuclnt.dll
0x000007fed71d0000 - 0x000007fed71d9000 	C:\Users\Mano\.jdks\openjdk-17.0.1\bin\management.dll
0x000007fed71b0000 - 0x000007fed71bb000 	C:\Users\Mano\.jdks\openjdk-17.0.1\bin\management_ext.dll
0x000007fed7170000 - 0x000007fed717e000 	C:\Users\Mano\.jdks\openjdk-17.0.1\bin\sunmscapi.dll
0x0000000022e30000 - 0x0000000022f9d000 	C:\Windows\system32\CRYPT32.dll
0x000007fefd090000 - 0x000007fefd09f000 	C:\Windows\system32\MSASN1.dll
0x000007fefc990000 - 0x000007fefc9e0000 	C:\Windows\system32\ncrypt.dll
0x000007fefc960000 - 0x000007fefc982000 	C:\Windows\system32\bcrypt.dll

dbghelp: loaded successfully - version: 4.0.5 - missing functions: none
symbol engine: initialized successfully - sym options: 0x614 - pdb path: .;C:\Users\Mano\.jdks\openjdk-17.0.1\bin;C:\Windows\SYSTEM32;C:\Program Files\AVAST Software\Avast;C:\Windows\WinSxS\amd64_microsoft.windows.common-controls_6595b64144ccf1df_6.0.7601.24483_none_e372d88f30fbb845;C:\Program Files\NVIDIA Corporation\CoProcManager;C:\Users\Mano\.jdks\openjdk-17.0.1\bin\server;C:\Program Files\JetBrains\IntelliJ IDEA Community Edition 2021.2.3\bin;C:\Program Files\Bonjour

VM Arguments:
jvm_args: -ea -Didea.test.cyclic.buffer.size=1048576 -javaagent:C:\Program Files\JetBrains\IntelliJ IDEA Community Edition 2021.2.3\lib\idea_rt.jar=8293:C:\Program Files\JetBrains\IntelliJ IDEA Community Edition 2021.2.3\bin -Dfile.encoding=UTF-8 
java_command: com.intellij.rt.junit.JUnitStarter -ideVersion5 -junit4 Tests.LoginTest,Login
java_class_path (initial): C:\Program Files\JetBrains\IntelliJ IDEA Community Edition 2021.2.3\lib\idea_rt.jar;C:\Program Files\JetBrains\IntelliJ IDEA Community Edition 2021.2.3\plugins\junit\lib\junit5-rt.jar;C:\Program Files\JetBrains\IntelliJ IDEA Community Edition 2021.2.3\plugins\junit\lib\junit-rt.jar;C:\Users\Mano\IdeaProjects\AutomationPractice\target\test-classes;C:\Users\Mano\.m2\repository\org\seleniumhq\selenium\selenium-java\4.1.1\selenium-java-4.1.1.jar;C:\Users\Mano\.m2\repository\org\seleniumhq\selenium\selenium-api\4.1.1\selenium-api-4.1.1.jar;C:\Users\Mano\.m2\repository\org\seleniumhq\selenium\selenium-chrome-driver\4.1.1\selenium-chrome-driver-4.1.1.jar;C:\Users\Mano\.m2\repository\com\google\auto\service\auto-service-annotations\1.0.1\auto-service-annotations-1.0.1.jar;C:\Users\Mano\.m2\repository\com\google\auto\service\auto-service\1.0.1\auto-service-1.0.1.jar;C:\Users\Mano\.m2\repository\com\google\auto\auto-common\1.2\auto-common-1.2.jar;C:\Users\Mano\.m2\repository\com\google\guava\guava\31.0.1-jre\guava-31.0.1-jre.jar;C:\Users\Mano\.m2\repository\com\google\guava\failureaccess\1.0.1\failureaccess-1.0.1.jar;C:\Users\Mano\.m2\repository\com\google\guava\listenablefuture\9999.0-empty-to-avoid-conflict-with-guava\listenablefuture-9999.0-empty-to-avoid-conflict-with-guava.jar;C:\Users\Mano\.m2\repository\com\google\code\findbugs\jsr305\3.0.2\jsr305-3.0.2.jar;C:\Users\Mano\.m2\repository\org\checkerframework\checker-qual\3.12.0\checker-qual-3.12.0.jar;C:\Users\Mano\.m2\repository\com\google\errorprone\error_prone_annotations\2.7.1\error_prone_annotations-2.7.1.jar;C:\Users\Mano\.m2\repository\com\google\j2objc\j2objc-annotations\1.3\j2objc-annotations-1.3.jar;C:\Users\Mano\.m2\repository\org\seleniumhq\selenium\selenium-chromium-driver\4.1.1\selenium-chromium-driver-4.1.1.jar;C:\Users\Mano\.m2\repository\org\seleniumhq\selenium\selenium-json\4.1.1\selenium-json-4.1.1.jar;C:\Users\Mano\.m2\repository\org\seleniumhq\selenium\selenium-devtools-v
Launcher Type: SUN_STANDARD

[Global flags]
     intx CICompilerCount                          = 3                                         {product} {ergonomic}
     uint ConcGCThreads                            = 1                                         {product} {ergonomic}
     uint G1ConcRefinementThreads                  = 4                                         {product} {ergonomic}
   size_t G1HeapRegionSize                         = 1048576                                   {product} {ergonomic}
    uintx GCDrainStackTargetSize                   = 64                                        {product} {ergonomic}
   size_t InitialHeapSize                          = 132120576                                 {product} {ergonomic}
   size_t MarkStackSize                            = 4194304                                   {product} {ergonomic}
   size_t MaxHeapSize                              = 2113929216                                {product} {ergonomic}
   size_t MaxNewSize                               = 1267728384                                {product} {ergonomic}
   size_t MinHeapDeltaBytes                        = 1048576                                   {product} {ergonomic}
   size_t MinHeapSize                              = 8388608                                   {product} {ergonomic}
    uintx NonNMethodCodeHeapSize                   = 5832780                                {pd product} {ergonomic}
    uintx NonProfiledCodeHeapSize                  = 122912730                              {pd product} {ergonomic}
    uintx ProfiledCodeHeapSize                     = 122912730                              {pd product} {ergonomic}
    uintx ReservedCodeCacheSize                    = 251658240                              {pd product} {ergonomic}
     bool SegmentedCodeCache                       = true                                      {product} {ergonomic}
   size_t SoftMaxHeapSize                          = 2113929216                             {manageable} {ergonomic}
     bool UseCompressedClassPointers               = true                           {product lp64_product} {ergonomic}
     bool UseCompressedOops                        = true                           {product lp64_product} {ergonomic}
     bool UseG1GC                                  = true                                      {product} {ergonomic}
     bool UseLargePagesIndividualAllocation        = false                                  {pd product} {ergonomic}

Logging:
Log output configuration:
 #0: stdout all=warning uptime,level,tags
 #1: stderr all=off uptime,level,tags

Environment Variables:
JAVA_HOME=C:\Program Files\Java\jdk1.8.0_65
PATH=C:\Program Files\Common Files\Oracle\Java\javapath;C:\Program Files (x86)\Common Files\Oracle\Java\javapath;C:\Program Files (x86)\PC Connectivity Solution\;C:\ProgramData\Oracle\Java\javapath;C:\Program Files (x86)\Intel\iCLS Client\;C:\Program Files\Intel\iCLS Client\;C:\Windows\system32;C:\Windows;C:\Windows\System32\Wbem;C:\Windows\System32\WindowsPowerShell\v1.0\;C:\Program Files\Intel\Intel(R) Management Engine Components\DAL;C:\Program Files\Intel\Intel(R) Management Engine Components\IPT;C:\Program Files (x86)\Intel\Intel(R) Management Engine Components\DAL;C:\Program Files (x86)\Intel\Intel(R) Management Engine Components\IPT;C:\Program Files\Lenovo\Bluetooth Software\;C:\Program Files\Lenovo\Bluetooth Software\syswow64;C:\Program Files\Microsoft SQL Server\120\Tools\Binn\;C:\Program Files\Microsoft SQL Server\120\DTS\Binn\;C:\Program Files\Microsoft SQL Server\Client SDK\ODBC\110\Tools\Binn\;C:\Program Files (x86)\Microsoft SQL Server\120\Tools\Binn\;C:\Program Files (x86)\Microsoft SQL Server\120\Tools\Binn\ManagementStudio\;C:\Program Files (x86)\Microsoft SQL Server\120\DTS\Binn\;C:\Program Files (x86)\Skype\Phone\ ;C:\maven\bin; C:\Program Files\Java\jdk1.8.0_65\bin;C:\Program Files (x86)\Windows Kits\8.1\Windows Performance Toolkit\;C:\Program Files\Microsoft SQL Server\110\Tools\Binn\;C:\Program Files (x86)\Microsoft SDKs\TypeScript\1.0\;C:\Program Files\Microsoft\Web Platform Installer\;C:\Program Files (x86)\Microsoft Visual Studio 12.0\Common7\IDE\PrivateAssemblies\;C:\Program Files\Microsoft SQL Server\130\Tools\Binn\;C:\Program Files\nodejs\;C:\Program Files\Git\cmd;C:\Users\Mano\AppData\Roaming\npm;C:\Users\Mano\AppData\Local\Programs\Microsoft VS Code\bin;C:\Program Files\JetBrains\IntelliJ IDEA 2021.2.3\bin;
USERNAME=Mano
OS=Windows_NT
PROCESSOR_IDENTIFIER=Intel64 Family 6 Model 58 Stepping 9, GenuineIntel



---------------  S Y S T E M  ---------------

OS:
 Windows 7 , 64 bit Build 7601 (6.1.7601.24545)
OS uptime: 0 days 2:29 hours

CPU: total 4 (initial active 4) (2 cores per cpu, 2 threads per core) family 6 model 58 stepping 9 microcode 0x0, cx8, cmov, fxsr, ht, mmx, sse, sse2, sse3, ssse3, sse4.1, sse4.2, popcnt, tsc, tscinvbit, avx, aes, erms, clmul, vzeroupper, clflush

Memory: 4k page, system-wide physical 8060M (1932M free)
TotalPageFile size 9082M (AvailPageFile size 4M)
current process WorkingSet (physical memory assigned to process): 75M, peak: 75M
current process commit charge ("private bytes"): 230M, peak: 231M

vm_info: OpenJDK 64-Bit Server VM (17.0.1+12-39) for windows-amd64 JRE (17.0.1+12-39), built on Sep 27 2021 18:39:29 by "mach5one" with MS VC++ 16.8 (VS2019)

END.
